2025-07-28 13:43:47,502 DEBUG    root            Loaded Command Group: ['gcloud', 'components']
2025-07-28 13:43:47,504 DEBUG    root            Loaded Command Group: ['gcloud', 'components', 'update']
2025-07-28 13:43:47,506 DEBUG    root            Running [gcloud.components.update] with arguments: [--quiet: "True", COMPONENT-IDS:8: "['gcloud', 'core', 'bq', 'gsutil', 'compute', 'preview', 'alpha', 'beta']"]
2025-07-28 13:43:47,508 INFO     ___FILE_ONLY___ Beginning update. This process may take several minutes.

2025-07-28 13:43:47,516 DEBUG    urllib3.connectionpool Starting new HTTPS connection (1): dl.google.com:443
2025-07-28 13:43:47,536 DEBUG    urllib3.connectionpool https://dl.google.com:443 "GET /dl/cloudsdk/channels/rapid/components-2.json HTTP/11" 200 239806
2025-07-28 13:43:47,549 WARNING  root            Component [compute] no longer exists.
2025-07-28 13:43:47,550 INFO     ___FILE_ONLY___ 

2025-07-28 13:43:47,551 INFO     ___FILE_ONLY___ 
Your current Google Cloud CLI version is: 531.0.0

2025-07-28 13:43:47,551 INFO     ___FILE_ONLY___ Installing components from version: 531.0.0

2025-07-28 13:43:47,551 INFO     ___FILE_ONLY___ 

2025-07-28 13:43:47,551 DEBUG    root            Chosen display Format:table[box,title="These components will be removed."](details.display_name:label=Name:align=left,version.version_string:label=Version:align=right,data.size.size(zero="",min=1048576):label=Size:align=right)
2025-07-28 13:43:47,552 DEBUG    root            Chosen display Format:table[box,title="These components will be updated."](details.display_name:label=Name:align=left,version.version_string:label=Version:align=right,data.size.size(zero="",min=1048576):label=Size:align=right)
2025-07-28 13:43:47,552 DEBUG    root            Chosen display Format:table[box,title="These components will be installed."](details.display_name:label=Name:align=left,version.version_string:label=Version:align=right,data.size.size(zero="",min=1048576):label=Size:align=right)
2025-07-28 13:43:47,566 INFO     ___FILE_ONLY___ ┌────────────────────────────────────────────────┐
2025-07-28 13:43:47,566 INFO     ___FILE_ONLY___ 

2025-07-28 13:43:47,566 INFO     ___FILE_ONLY___ │      These components will be installed.       │
2025-07-28 13:43:47,566 INFO     ___FILE_ONLY___ 

2025-07-28 13:43:47,566 INFO     ___FILE_ONLY___ ├─────────────────────────┬────────────┬─────────┤
2025-07-28 13:43:47,566 INFO     ___FILE_ONLY___ 

2025-07-28 13:43:47,566 INFO     ___FILE_ONLY___ │           Name          │  Version   │   Size  │
2025-07-28 13:43:47,566 INFO     ___FILE_ONLY___ 

2025-07-28 13:43:47,566 INFO     ___FILE_ONLY___ ├─────────────────────────┼────────────┼─────────┤
2025-07-28 13:43:47,566 INFO     ___FILE_ONLY___ 

2025-07-28 13:43:47,567 INFO     ___FILE_ONLY___ │ 
2025-07-28 13:43:47,567 INFO     ___FILE_ONLY___ gcloud Alpha Commands  
2025-07-28 13:43:47,567 INFO     ___FILE_ONLY___  
2025-07-28 13:43:47,567 INFO     ___FILE_ONLY___ │ 
2025-07-28 13:43:47,567 INFO     ___FILE_ONLY___ 2025.07.18
2025-07-28 13:43:47,567 INFO     ___FILE_ONLY___  
2025-07-28 13:43:47,567 INFO     ___FILE_ONLY___ │ 
2025-07-28 13:43:47,567 INFO     ___FILE_ONLY___ < 1 MiB
2025-07-28 13:43:47,567 INFO     ___FILE_ONLY___  
2025-07-28 13:43:47,567 INFO     ___FILE_ONLY___ │
2025-07-28 13:43:47,567 INFO     ___FILE_ONLY___ 

2025-07-28 13:43:47,567 INFO     ___FILE_ONLY___ │ 
2025-07-28 13:43:47,568 INFO     ___FILE_ONLY___ gcloud Beta Commands   
2025-07-28 13:43:47,568 INFO     ___FILE_ONLY___  
2025-07-28 13:43:47,568 INFO     ___FILE_ONLY___ │ 
2025-07-28 13:43:47,568 INFO     ___FILE_ONLY___ 2025.07.18
2025-07-28 13:43:47,568 INFO     ___FILE_ONLY___  
2025-07-28 13:43:47,568 INFO     ___FILE_ONLY___ │ 
2025-07-28 13:43:47,568 INFO     ___FILE_ONLY___ < 1 MiB
2025-07-28 13:43:47,568 INFO     ___FILE_ONLY___  
2025-07-28 13:43:47,568 INFO     ___FILE_ONLY___ │
2025-07-28 13:43:47,568 INFO     ___FILE_ONLY___ 

2025-07-28 13:43:47,568 INFO     ___FILE_ONLY___ │ 
2025-07-28 13:43:47,568 INFO     ___FILE_ONLY___ gcloud Preview Commands
2025-07-28 13:43:47,568 INFO     ___FILE_ONLY___  
2025-07-28 13:43:47,568 INFO     ___FILE_ONLY___ │ 
2025-07-28 13:43:47,568 INFO     ___FILE_ONLY___           
2025-07-28 13:43:47,569 INFO     ___FILE_ONLY___  
2025-07-28 13:43:47,569 INFO     ___FILE_ONLY___ │ 
2025-07-28 13:43:47,569 INFO     ___FILE_ONLY___ < 1 MiB
2025-07-28 13:43:47,569 INFO     ___FILE_ONLY___  
2025-07-28 13:43:47,569 INFO     ___FILE_ONLY___ │
2025-07-28 13:43:47,569 INFO     ___FILE_ONLY___ 

2025-07-28 13:43:47,569 INFO     ___FILE_ONLY___ └─────────────────────────┴────────────┴─────────┘
2025-07-28 13:43:47,569 INFO     ___FILE_ONLY___ 

2025-07-28 13:43:47,569 INFO     ___FILE_ONLY___ 

2025-07-28 13:43:47,572 DEBUG    urllib3.connectionpool Starting new HTTPS connection (1): dl.google.com:443
2025-07-28 13:43:47,590 DEBUG    urllib3.connectionpool https://dl.google.com:443 "GET /dl/cloudsdk/channels/rapid/RELEASE_NOTES HTTP/11" 200 1455233
2025-07-28 13:43:48,071 INFO     ___FILE_ONLY___ For the latest full release notes, please visit:
  https://cloud.google.com/sdk/release_notes


2025-07-28 13:43:48,072 INFO     ___FILE_ONLY___ Performing in place update...


2025-07-28 13:43:48,074 INFO     ___FILE_ONLY___ ╔════════════════════════════════════════════════════════════╗

2025-07-28 13:43:48,074 INFO     ___FILE_ONLY___ ╠═ Downloading: gcloud Alpha Commands                       ═╣

2025-07-28 13:43:48,074 INFO     ___FILE_ONLY___ ╚
2025-07-28 13:43:48,077 DEBUG    urllib3.connectionpool Starting new HTTPS connection (1): dl.google.com:443
2025-07-28 13:43:48,092 DEBUG    urllib3.connectionpool https://dl.google.com:443 "GET /dl/cloudsdk/channels/rapid/components/google-cloud-sdk-alpha-20250718154810.tar.gz HTTP/11" 200 800
2025-07-28 13:43:48,093 INFO     ___FILE_ONLY___ ════════════════════════════════════════════════════════════
2025-07-28 13:43:48,093 INFO     ___FILE_ONLY___ ╝

2025-07-28 13:43:48,095 INFO     ___FILE_ONLY___ ╔════════════════════════════════════════════════════════════╗

2025-07-28 13:43:48,095 INFO     ___FILE_ONLY___ ╠═ Downloading: gcloud Beta Commands                        ═╣

2025-07-28 13:43:48,095 INFO     ___FILE_ONLY___ ╚
2025-07-28 13:43:48,098 DEBUG    urllib3.connectionpool Starting new HTTPS connection (1): dl.google.com:443
2025-07-28 13:43:48,145 DEBUG    urllib3.connectionpool https://dl.google.com:443 "GET /dl/cloudsdk/channels/rapid/components/google-cloud-sdk-beta-20250718154810.tar.gz HTTP/11" 200 797
2025-07-28 13:43:48,146 INFO     ___FILE_ONLY___ ════════════════════════════════════════════════════════════
2025-07-28 13:43:48,146 INFO     ___FILE_ONLY___ ╝

2025-07-28 13:43:48,148 INFO     ___FILE_ONLY___ ╔════════════════════════════════════════════════════════════╗

2025-07-28 13:43:48,148 INFO     ___FILE_ONLY___ ╠═ Downloading: gcloud Preview Commands                     ═╣

2025-07-28 13:43:48,148 INFO     ___FILE_ONLY___ ╚
2025-07-28 13:43:48,151 DEBUG    urllib3.connectionpool Starting new HTTPS connection (1): dl.google.com:443
2025-07-28 13:43:48,195 DEBUG    urllib3.connectionpool https://dl.google.com:443 "GET /dl/cloudsdk/channels/rapid/components/google-cloud-sdk-preview-20241115154308.tar.gz HTTP/11" 200 823
2025-07-28 13:43:48,196 INFO     ___FILE_ONLY___ ════════════════════════════════════════════════════════════
2025-07-28 13:43:48,196 INFO     ___FILE_ONLY___ ╝

2025-07-28 13:43:48,198 INFO     ___FILE_ONLY___ ╔════════════════════════════════════════════════════════════╗

2025-07-28 13:43:48,198 INFO     ___FILE_ONLY___ ╠═ Installing: gcloud Alpha Commands                        ═╣

2025-07-28 13:43:48,198 INFO     ___FILE_ONLY___ ╚
2025-07-28 13:43:48,200 INFO     ___FILE_ONLY___ ════════════════════════════════════════════════════════════
2025-07-28 13:43:48,200 INFO     ___FILE_ONLY___ ╝

2025-07-28 13:43:48,206 INFO     ___FILE_ONLY___ ╔════════════════════════════════════════════════════════════╗

2025-07-28 13:43:48,206 INFO     ___FILE_ONLY___ ╠═ Installing: gcloud Beta Commands                         ═╣

2025-07-28 13:43:48,206 INFO     ___FILE_ONLY___ ╚
2025-07-28 13:43:48,207 INFO     ___FILE_ONLY___ ════════════════════════════════════════════════════════════
2025-07-28 13:43:48,207 INFO     ___FILE_ONLY___ ╝

2025-07-28 13:43:48,211 INFO     ___FILE_ONLY___ ╔════════════════════════════════════════════════════════════╗

2025-07-28 13:43:48,212 INFO     ___FILE_ONLY___ ╠═ Installing: gcloud Preview Commands                      ═╣

2025-07-28 13:43:48,212 INFO     ___FILE_ONLY___ ╚
2025-07-28 13:43:48,212 INFO     ___FILE_ONLY___ ════════════════════════════════════════════════════════════
2025-07-28 13:43:48,212 INFO     ___FILE_ONLY___ ╝

2025-07-28 13:43:48,217 DEBUG    root            Updating notification cache...
2025-07-28 13:43:48,218 INFO     ___FILE_ONLY___ 

2025-07-28 13:43:48,220 INFO     ___FILE_ONLY___ Performing post processing steps...
2025-07-28 13:43:48,220 DEBUG    root            Executing command: ['/tools/google-cloud-sdk/bin/gcloud', 'components', 'post-process']
2025-07-28 13:43:57,183 DEBUG    ___FILE_ONLY___ 
2025-07-28 13:43:57,183 DEBUG    ___FILE_ONLY___ 
2025-07-28 13:43:57,231 INFO     root            descriptor_list: [{'universeDomain': 'googleapis.com', 'universeShortName': '', 'authenticationDomain': 'auth.cloud.google.com', 'projectPrefix': '', 'cloudWebDomain': 'cloud.google.com', 'documentationDomain': 'cloud.google.com', 'version': '1.0.0', 'state': 'primary', 'artifactRegistryDomain': 'pkg.dev'}]
2025-07-28 13:43:57,232 INFO     ___FILE_ONLY___ 
Update done!


2025-07-28 13:43:57,234 DEBUG    root            Chosen display Format:none
2025-07-28 13:43:57,234 INFO     root            Display format: "none"
